[0.000000] (-) TimerEvent: {}
[0.002013] (drivetrain) JobQueued: {'identifier': 'drivetrain', 'dependencies': OrderedDict()}
[0.003518] (drivetrain) JobStarted: {'identifier': 'drivetrain'}
[0.073088] (drivetrain) JobProgress: {'identifier': 'drivetrain', 'progress': 'cmake'}
[0.077174] (drivetrain) JobProgress: {'identifier': 'drivetrain', 'progress': 'build'}
[0.080700] (drivetrain) Command: {'cmd': ['/usr/bin/cmake', '--build', '/Testbot/build/drivetrain', '--', '-j4', '-l4'], 'cwd': '/Testbot/build/drivetrain', 'env': OrderedDict([('HOSTNAME', '945d704c20d0'), ('SHLVL', '1'), ('LD_LIBRARY_PATH', '/opt/ros/humble/lib/aarch64-linux-gnu:/opt/ros/humble/lib'), ('HOME', '/home/astro-dev'), ('OLDPWD', '/Testbot/src'), ('ROS_PYTHON_VERSION', '3'), ('COLCON_PREFIX_PATH', '/Testbot/install'), ('ROS_DISTRO', 'humble'), ('_', '/usr/bin/colcon'), ('ROS_VERSION', '2'), ('TERM', 'xterm'), ('ROS_LOCALHOST_ONLY', '0'), ('PATH', '/opt/ros/humble/bin:/usr/local/sbin:/usr/local/bin:/usr/sbin:/usr/bin:/sbin:/bin'), ('LANG', 'C.UTF-8'), ('LS_COLORS', 'rs=0:di=01;34:ln=01;36:mh=00:pi=40;33:so=01;35:do=01;35:bd=40;33;01:cd=40;33;01:or=40;31;01:mi=00:su=37;41:sg=30;43:ca=30;41:tw=30;42:ow=34;42:st=37;44:ex=01;32:*.tar=01;31:*.tgz=01;31:*.arc=01;31:*.arj=01;31:*.taz=01;31:*.lha=01;31:*.lz4=01;31:*.lzh=01;31:*.lzma=01;31:*.tlz=01;31:*.txz=01;31:*.tzo=01;31:*.t7z=01;31:*.zip=01;31:*.z=01;31:*.dz=01;31:*.gz=01;31:*.lrz=01;31:*.lz=01;31:*.lzo=01;31:*.xz=01;31:*.zst=01;31:*.tzst=01;31:*.bz2=01;31:*.bz=01;31:*.tbz=01;31:*.tbz2=01;31:*.tz=01;31:*.deb=01;31:*.rpm=01;31:*.jar=01;31:*.war=01;31:*.ear=01;31:*.sar=01;31:*.rar=01;31:*.alz=01;31:*.ace=01;31:*.zoo=01;31:*.cpio=01;31:*.7z=01;31:*.rz=01;31:*.cab=01;31:*.wim=01;31:*.swm=01;31:*.dwm=01;31:*.esd=01;31:*.jpg=01;35:*.jpeg=01;35:*.mjpg=01;35:*.mjpeg=01;35:*.gif=01;35:*.bmp=01;35:*.pbm=01;35:*.pgm=01;35:*.ppm=01;35:*.tga=01;35:*.xbm=01;35:*.xpm=01;35:*.tif=01;35:*.tiff=01;35:*.png=01;35:*.svg=01;35:*.svgz=01;35:*.mng=01;35:*.pcx=01;35:*.mov=01;35:*.mpg=01;35:*.mpeg=01;35:*.m2v=01;35:*.mkv=01;35:*.webm=01;35:*.webp=01;35:*.ogm=01;35:*.mp4=01;35:*.m4v=01;35:*.mp4v=01;35:*.vob=01;35:*.qt=01;35:*.nuv=01;35:*.wmv=01;35:*.asf=01;35:*.rm=01;35:*.rmvb=01;35:*.flc=01;35:*.avi=01;35:*.fli=01;35:*.flv=01;35:*.gl=01;35:*.dl=01;35:*.xcf=01;35:*.xwd=01;35:*.yuv=01;35:*.cgm=01;35:*.emf=01;35:*.ogv=01;35:*.ogx=01;35:*.aac=00;36:*.au=00;36:*.flac=00;36:*.m4a=00;36:*.mid=00;36:*.midi=00;36:*.mka=00;36:*.mp3=00;36:*.mpc=00;36:*.ogg=00;36:*.ra=00;36:*.wav=00;36:*.oga=00;36:*.opus=00;36:*.spx=00;36:*.xspf=00;36:'), ('AMENT_PREFIX_PATH', '/Testbot/install/drivetrain:/opt/ros/humble'), ('PWD', '/Testbot/build/drivetrain'), ('LC_ALL', 'C.UTF-8'), ('PYTHONPATH', '/opt/ros/humble/lib/python3.10/site-packages:/opt/ros/humble/local/lib/python3.10/dist-packages'), ('COLCON', '1'), ('CMAKE_PREFIX_PATH', '/Testbot/install/drivetrain:/opt/ros/humble')]), 'shell': False}
[0.100573] (-) TimerEvent: {}
[0.203415] (-) TimerEvent: {}
[0.220559] (drivetrain) StdoutLine: {'line': b'-- Found ament_cmake: 1.3.10 (/opt/ros/humble/share/ament_cmake/cmake)\n'}
[0.303763] (-) TimerEvent: {}
[0.404513] (-) TimerEvent: {}
[0.505761] (-) TimerEvent: {}
[0.606766] (-) TimerEvent: {}
[0.707748] (-) TimerEvent: {}
[0.808575] (-) TimerEvent: {}
[0.814471] (drivetrain) StdoutLine: {'line': b'-- Override CMake install command with custom implementation using symlinks instead of copying resources\n'}
[0.864592] (drivetrain) StdoutLine: {'line': b'-- Found rclcpp: 16.0.10 (/opt/ros/humble/share/rclcpp/cmake)\n'}
[0.908770] (-) TimerEvent: {}
[1.009653] (-) TimerEvent: {}
[1.018581] (drivetrain) StdoutLine: {'line': b'-- Found rosidl_generator_c: 3.1.5 (/opt/ros/humble/share/rosidl_generator_c/cmake)\n'}
[1.032169] (drivetrain) StdoutLine: {'line': b'-- Found rosidl_adapter: 3.1.5 (/opt/ros/humble/share/rosidl_adapter/cmake)\n'}
[1.068443] (drivetrain) StdoutLine: {'line': b'-- Found rosidl_generator_cpp: 3.1.5 (/opt/ros/humble/share/rosidl_generator_cpp/cmake)\n'}
[1.109873] (-) TimerEvent: {}
[1.122627] (drivetrain) StdoutLine: {'line': b'-- Using all available rosidl_typesupport_c: rosidl_typesupport_fastrtps_c;rosidl_typesupport_introspection_c\n'}
[1.195882] (drivetrain) StdoutLine: {'line': b'-- Using all available rosidl_typesupport_cpp: rosidl_typesupport_fastrtps_cpp;rosidl_typesupport_introspection_cpp\n'}
[1.210126] (-) TimerEvent: {}
[1.311055] (-) TimerEvent: {}
[1.376974] (drivetrain) StdoutLine: {'line': b'-- Found rmw_implementation_cmake: 6.1.2 (/opt/ros/humble/share/rmw_implementation_cmake/cmake)\n'}
[1.384715] (drivetrain) StdoutLine: {'line': b'-- Found rmw_fastrtps_cpp: 6.2.7 (/opt/ros/humble/share/rmw_fastrtps_cpp/cmake)\n'}
[1.411225] (-) TimerEvent: {}
[1.512015] (-) TimerEvent: {}
[1.613073] (-) TimerEvent: {}
[1.714065] (-) TimerEvent: {}
[1.814884] (-) TimerEvent: {}
[1.915810] (-) TimerEvent: {}
[1.932952] (drivetrain) StdoutLine: {'line': b"-- Using RMW implementation 'rmw_fastrtps_cpp' as default\n"}
[2.016316] (-) TimerEvent: {}
[2.117454] (-) TimerEvent: {}
[2.218983] (-) TimerEvent: {}
[2.299173] (drivetrain) StdoutLine: {'line': b'-- Found sensor_msgs: 4.2.4 (/opt/ros/humble/share/sensor_msgs/cmake)\n'}
[2.319109] (-) TimerEvent: {}
[2.420211] (-) TimerEvent: {}
[2.521043] (-) TimerEvent: {}
[2.548170] (drivetrain) StdoutLine: {'line': b'-- Found ament_lint_auto: 0.12.11 (/opt/ros/humble/share/ament_lint_auto/cmake)\n'}
[2.621240] (-) TimerEvent: {}
[2.722138] (-) TimerEvent: {}
[2.823129] (-) TimerEvent: {}
[2.927083] (-) TimerEvent: {}
[3.029727] (-) TimerEvent: {}
[3.070948] (drivetrain) StdoutLine: {'line': b"-- Added test 'cppcheck' to perform static code analysis on C / C++ code\n"}
[3.071861] (drivetrain) StdoutLine: {'line': b'-- Configured cppcheck include dirs: \n'}
[3.072355] (drivetrain) StdoutLine: {'line': b'-- Configured cppcheck exclude dirs and/or files: \n'}
[3.077465] (drivetrain) StdoutLine: {'line': b"-- Added test 'flake8' to check Python code syntax and style conventions\n"}
[3.085842] (drivetrain) StdoutLine: {'line': b"-- Added test 'lint_cmake' to check CMake code style\n"}
[3.090305] (drivetrain) StdoutLine: {'line': b"-- Added test 'pep257' to check Python code against some of the docstring style conventions in PEP 257\n"}
[3.115426] (drivetrain) StdoutLine: {'line': b"-- Added test 'uncrustify' to check C / C++ code style\n"}
[3.116120] (drivetrain) StdoutLine: {'line': b'-- Configured uncrustify additional arguments: \n'}
[3.120031] (drivetrain) StdoutLine: {'line': b"-- Added test 'xmllint' to check XML markup files\n"}
[3.126700] (drivetrain) StdoutLine: {'line': b'-- Configuring done\n'}
[3.129884] (-) TimerEvent: {}
[3.197793] (drivetrain) StdoutLine: {'line': b'-- Generating done\n'}
[3.208659] (drivetrain) StdoutLine: {'line': b'-- Build files have been written to: /Testbot/build/drivetrain\n'}
[3.230251] (-) TimerEvent: {}
[3.331242] (-) TimerEvent: {}
[3.377925] (drivetrain) StdoutLine: {'line': b'[ 50%] \x1b[32mBuilding CXX object CMakeFiles/drivetrainNode.dir/src/drivesub.cpp.o\x1b[0m\n'}
[3.431496] (-) TimerEvent: {}
[3.534434] (-) TimerEvent: {}
[3.635329] (-) TimerEvent: {}
[3.736332] (-) TimerEvent: {}
[3.837127] (-) TimerEvent: {}
[3.937894] (-) TimerEvent: {}
[4.038744] (-) TimerEvent: {}
[4.139498] (-) TimerEvent: {}
[4.240473] (-) TimerEvent: {}
[4.341279] (-) TimerEvent: {}
[4.442108] (-) TimerEvent: {}
[4.542980] (-) TimerEvent: {}
[4.643820] (-) TimerEvent: {}
[4.744962] (-) TimerEvent: {}
[4.845728] (-) TimerEvent: {}
[4.946527] (-) TimerEvent: {}
[5.047319] (-) TimerEvent: {}
[5.148215] (-) TimerEvent: {}
[5.194345] (drivetrain) StderrLine: {'line': b'\x1b[01m\x1b[K/Testbot/src/testbot_ws/src/drivetrain/src/drivesub.cpp:5:10:\x1b[m\x1b[K \x1b[01;31m\x1b[Kfatal error: \x1b[m\x1b[Ksensor_msgs/msg/joy.hpp: No such file or directory\n'}
[5.195180] (drivetrain) StderrLine: {'line': b'    5 | #include \x1b[01;31m\x1b[K<sensor_msgs/msg/joy.hpp>\x1b[m\x1b[K\n'}
[5.195677] (drivetrain) StderrLine: {'line': b'      |          \x1b[01;31m\x1b[K^~~~~~~~~~~~~~~~~~~~~~~~~\x1b[m\x1b[K\n'}
[5.196148] (drivetrain) StderrLine: {'line': b'compilation terminated.\n'}
[5.205729] (drivetrain) StderrLine: {'line': b'gmake[2]: *** [CMakeFiles/drivetrainNode.dir/build.make:76: CMakeFiles/drivetrainNode.dir/src/drivesub.cpp.o] Error 1\n'}
[5.206878] (drivetrain) StderrLine: {'line': b'gmake[1]: *** [CMakeFiles/Makefile2:137: CMakeFiles/drivetrainNode.dir/all] Error 2\n'}
[5.207609] (drivetrain) StderrLine: {'line': b'gmake: *** [Makefile:146: all] Error 2\n'}
[5.215361] (drivetrain) CommandEnded: {'returncode': 2}
[5.248420] (-) TimerEvent: {}
[5.349361] (-) TimerEvent: {}
[5.431133] (drivetrain) JobEnded: {'identifier': 'drivetrain', 'rc': 2}
[5.444631] (-) EventReactorShutdown: {}
