[0.093s] Invoking command in '/Testbot/build/drivetrain': CMAKE_PREFIX_PATH=${CMAKE_PREFIX_PATH}:/opt/ros/humble /usr/bin/cmake --build /Testbot/build/drivetrain -- -j4 -l4
[0.218s] -- Found ament_cmake: 1.3.10 (/opt/ros/humble/share/ament_cmake/cmake)
[0.811s] -- Override CMake install command with custom implementation using symlinks instead of copying resources
[0.862s] -- Found rclcpp: 16.0.10 (/opt/ros/humble/share/rclcpp/cmake)
[1.015s] -- Found rosidl_generator_c: 3.1.5 (/opt/ros/humble/share/rosidl_generator_c/cmake)
[1.029s] -- Found rosidl_adapter: 3.1.5 (/opt/ros/humble/share/rosidl_adapter/cmake)
[1.065s] -- Found rosidl_generator_cpp: 3.1.5 (/opt/ros/humble/share/rosidl_generator_cpp/cmake)
[1.120s] -- Using all available rosidl_typesupport_c: rosidl_typesupport_fastrtps_c;rosidl_typesupport_introspection_c
[1.193s] -- Using all available rosidl_typesupport_cpp: rosidl_typesupport_fastrtps_cpp;rosidl_typesupport_introspection_cpp
[1.374s] -- Found rmw_implementation_cmake: 6.1.2 (/opt/ros/humble/share/rmw_implementation_cmake/cmake)
[1.382s] -- Found rmw_fastrtps_cpp: 6.2.7 (/opt/ros/humble/share/rmw_fastrtps_cpp/cmake)
[1.930s] -- Using RMW implementation 'rmw_fastrtps_cpp' as default
[2.296s] -- Found sensor_msgs: 4.2.4 (/opt/ros/humble/share/sensor_msgs/cmake)
[2.545s] -- Found ament_lint_auto: 0.12.11 (/opt/ros/humble/share/ament_lint_auto/cmake)
[3.068s] -- Added test 'cppcheck' to perform static code analysis on C / C++ code
[3.069s] -- Configured cppcheck include dirs: 
[3.069s] -- Configured cppcheck exclude dirs and/or files: 
[3.075s] -- Added test 'flake8' to check Python code syntax and style conventions
[3.083s] -- Added test 'lint_cmake' to check CMake code style
[3.087s] -- Added test 'pep257' to check Python code against some of the docstring style conventions in PEP 257
[3.112s] -- Added test 'uncrustify' to check C / C++ code style
[3.113s] -- Configured uncrustify additional arguments: 
[3.117s] -- Added test 'xmllint' to check XML markup files
[3.124s] -- Configuring done
[3.195s] -- Generating done
[3.206s] -- Build files have been written to: /Testbot/build/drivetrain
[3.375s] [ 50%] [32mBuilding CXX object CMakeFiles/drivetrainNode.dir/src/drivesub.cpp.o[0m
[5.191s] [01m[K/Testbot/src/testbot_ws/src/drivetrain/src/drivesub.cpp:5:10:[m[K [01;31m[Kfatal error: [m[Ksensor_msgs/msg/joy.hpp: No such file or directory
[5.192s]     5 | #include [01;31m[K<sensor_msgs/msg/joy.hpp>[m[K
[5.192s]       |          [01;31m[K^~~~~~~~~~~~~~~~~~~~~~~~~[m[K
[5.193s] compilation terminated.
[5.203s] gmake[2]: *** [CMakeFiles/drivetrainNode.dir/build.make:76: CMakeFiles/drivetrainNode.dir/src/drivesub.cpp.o] Error 1
[5.204s] gmake[1]: *** [CMakeFiles/Makefile2:137: CMakeFiles/drivetrainNode.dir/all] Error 2
[5.204s] gmake: *** [Makefile:146: all] Error 2
[5.212s] Invoked command in '/Testbot/build/drivetrain' returned '2': CMAKE_PREFIX_PATH=${CMAKE_PREFIX_PATH}:/opt/ros/humble /usr/bin/cmake --build /Testbot/build/drivetrain -- -j4 -l4
