[0.088s] Invoking command in '/Testbot/build/drivetrain': CMAKE_PREFIX_PATH=${CMAKE_PREFIX_PATH}:/opt/ros/humble /usr/bin/cmake --build /Testbot/build/drivetrain -- -j4 -l4
[0.612s] -- Found ament_cmake: 1.3.10 (/opt/ros/humble/share/ament_cmake/cmake)
[1.296s] -- Override CMake install command with custom implementation using symlinks instead of copying resources
[1.349s] -- Found rclcpp: 16.0.10 (/opt/ros/humble/share/rclcpp/cmake)
[1.509s] -- Found rosidl_generator_c: 3.1.5 (/opt/ros/humble/share/rosidl_generator_c/cmake)
[1.529s] -- Found rosidl_adapter: 3.1.5 (/opt/ros/humble/share/rosidl_adapter/cmake)
[1.565s] -- Found rosidl_generator_cpp: 3.1.5 (/opt/ros/humble/share/rosidl_generator_cpp/cmake)
[1.616s] -- Using all available rosidl_typesupport_c: rosidl_typesupport_fastrtps_c;rosidl_typesupport_introspection_c
[1.682s] -- Using all available rosidl_typesupport_cpp: rosidl_typesupport_fastrtps_cpp;rosidl_typesupport_introspection_cpp
[1.857s] -- Found rmw_implementation_cmake: 6.1.2 (/opt/ros/humble/share/rmw_implementation_cmake/cmake)
[1.865s] -- Found rmw_fastrtps_cpp: 6.2.7 (/opt/ros/humble/share/rmw_fastrtps_cpp/cmake)
[2.430s] -- Using RMW implementation 'rmw_fastrtps_cpp' as default
[2.688s] -- Found sensor_msgs: 4.2.4 (/opt/ros/humble/share/sensor_msgs/cmake)
[2.858s] -- Found ament_lint_auto: 0.12.11 (/opt/ros/humble/share/ament_lint_auto/cmake)
[3.270s] -- Added test 'cppcheck' to perform static code analysis on C / C++ code
[3.271s] -- Configured cppcheck include dirs: 
[3.271s] -- Configured cppcheck exclude dirs and/or files: 
[3.275s] -- Added test 'flake8' to check Python code syntax and style conventions
[3.283s] -- Added test 'lint_cmake' to check CMake code style
[3.288s] -- Added test 'pep257' to check Python code against some of the docstring style conventions in PEP 257
[3.315s] -- Added test 'uncrustify' to check C / C++ code style
[3.316s] -- Configured uncrustify additional arguments: 
[3.320s] -- Added test 'xmllint' to check XML markup files
[3.328s] -- Configuring done
[3.421s] -- Generating done
[3.434s] -- Build files have been written to: /Testbot/build/drivetrain
[3.606s] [ 50%] [32mBuilding CXX object CMakeFiles/drivetrainNode.dir/src/drivesub.cpp.o[0m
[5.622s] [01m[K/Testbot/src/testbot_ws/src/drivetrain/src/drivesub.cpp:6:10:[m[K [01;31m[Kfatal error: [m[Kstring__struct.hpp: No such file or directory
[5.623s]     6 | #include [01;31m[K<string__struct.hpp>[m[K
[5.624s]       |          [01;31m[K^~~~~~~~~~~~~~~~~~~~[m[K
[5.624s] compilation terminated.
[5.633s] gmake[2]: *** [CMakeFiles/drivetrainNode.dir/build.make:76: CMakeFiles/drivetrainNode.dir/src/drivesub.cpp.o] Error 1
[5.634s] gmake[1]: *** [CMakeFiles/Makefile2:137: CMakeFiles/drivetrainNode.dir/all] Error 2
[5.638s] gmake: *** [Makefile:146: all] Error 2
[5.648s] Invoked command in '/Testbot/build/drivetrain' returned '2': CMAKE_PREFIX_PATH=${CMAKE_PREFIX_PATH}:/opt/ros/humble /usr/bin/cmake --build /Testbot/build/drivetrain -- -j4 -l4
