[35m[1mConsolidate compiler generated dependencies of target drivetrainNode[0m
[ 33%] [32mBuilding CXX object CMakeFiles/drivetrainNode.dir/src/uart.cpp.o[0m
[01m[K/TestBotTeaching/drivetrain/src/uart.cpp:[m[K In member function â€˜[01m[Kvoid Uart::readUart()[m[Kâ€™:
[01m[K/TestBotTeaching/drivetrain/src/uart.cpp:233:10:[m[K [01;31m[Kerror: [m[Kinvalid conversion from â€˜[01m[Kunsigned char*[m[Kâ€™ to â€˜[01m[Kconst char*[m[Kâ€™ [[01;31m[K-fpermissive[m[K]
  233 |   printf([01;31m[Kserial_message[m[K);
      |          [01;31m[K^~~~~~~~~~~~~~[m[K
      |          [01;31m[K|[m[K
      |          [01;31m[Kunsigned char*[m[K
In file included from [01m[K/TestBotTeaching/drivetrain/src/uart.cpp:9[m[K:
[01m[K/usr/include/stdio.h:356:43:[m[K [01;36m[Knote: [m[K  initializing argument 1 of â€˜[01m[Kint printf(const char*, ...)[m[Kâ€™
  356 | extern int printf ([01;36m[Kconst char *__restrict __format[m[K, ...);
      |                    [01;36m[K~~~~~~~~~~~~~~~~~~~~~~~^~~~~~~~[m[K
[01m[K/TestBotTeaching/drivetrain/src/uart.cpp:233:10:[m[K [01;35m[Kwarning: [m[Kformat not a string literal and no format arguments [[01;35m[K-Wformat-security[m[K]
  233 |   printf([01;35m[Kserial_message[m[K);
      |          [01;35m[K^~~~~~~~~~~~~~[m[K
gmake[2]: *** [CMakeFiles/drivetrainNode.dir/build.make:90: CMakeFiles/drivetrainNode.dir/src/uart.cpp.o] Error 1
gmake[1]: *** [CMakeFiles/Makefile2:137: CMakeFiles/drivetrainNode.dir/all] Error 2
gmake: *** [Makefile:146: all] Error 2
