[0.166s] Invoking command in '/Testbot/build/drivetrain': CMAKE_PREFIX_PATH=${CMAKE_PREFIX_PATH}:/opt/ros/humble /usr/bin/cmake --build /Testbot/build/drivetrain -- -j4 -l4
[0.409s] -- Found ament_cmake: 1.3.10 (/opt/ros/humble/share/ament_cmake/cmake)
[1.592s] -- Override CMake install command with custom implementation using symlinks instead of copying resources
[1.700s] -- Found rclcpp: 16.0.10 (/opt/ros/humble/share/rclcpp/cmake)
[2.074s] -- Found rosidl_generator_c: 3.1.5 (/opt/ros/humble/share/rosidl_generator_c/cmake)
[2.111s] -- Found rosidl_adapter: 3.1.5 (/opt/ros/humble/share/rosidl_adapter/cmake)
[2.192s] -- Found rosidl_generator_cpp: 3.1.5 (/opt/ros/humble/share/rosidl_generator_cpp/cmake)
[2.323s] -- Using all available rosidl_typesupport_c: rosidl_typesupport_fastrtps_c;rosidl_typesupport_introspection_c
[2.496s] -- Using all available rosidl_typesupport_cpp: rosidl_typesupport_fastrtps_cpp;rosidl_typesupport_introspection_cpp
[2.758s] -- Found rmw_implementation_cmake: 6.1.2 (/opt/ros/humble/share/rmw_implementation_cmake/cmake)
[2.775s] -- Found rmw_fastrtps_cpp: 6.2.7 (/opt/ros/humble/share/rmw_fastrtps_cpp/cmake)
[3.423s] -- Using RMW implementation 'rmw_fastrtps_cpp' as default
[3.805s] -- Found sensor_msgs: 4.2.4 (/opt/ros/humble/share/sensor_msgs/cmake)
[3.959s] -- Found ament_lint_auto: 0.12.11 (/opt/ros/humble/share/ament_lint_auto/cmake)
[4.382s] -- Added test 'cppcheck' to perform static code analysis on C / C++ code
[4.384s] -- Configured cppcheck include dirs: 
[4.385s] -- Configured cppcheck exclude dirs and/or files: 
[4.389s] -- Added test 'flake8' to check Python code syntax and style conventions
[4.397s] -- Added test 'lint_cmake' to check CMake code style
[4.403s] -- Added test 'pep257' to check Python code against some of the docstring style conventions in PEP 257
[4.427s] -- Added test 'uncrustify' to check C / C++ code style
[4.427s] -- Configured uncrustify additional arguments: 
[4.431s] -- Added test 'xmllint' to check XML markup files
[4.438s] -- Configuring done
[4.517s] -- Generating done
[4.527s] -- Build files have been written to: /Testbot/build/drivetrain
[4.648s] [35m[1mConsolidate compiler generated dependencies of target drivetrainNode[0m
[4.783s] [ 50%] [32mBuilding CXX object CMakeFiles/drivetrainNode.dir/src/drivesub.cpp.o[0m
[7.249s] [01m[K/Testbot/src/testbot_ws/src/drivetrain/src/drivesub.cpp:6:10:[m[K [01;31m[Kfatal error: [m[Kstd_msgs/msg/String.hpp: No such file or directory
[7.251s]     6 | #include [01;31m[K<std_msgs/msg/String.hpp>[m[K
[7.253s]       |          [01;31m[K^~~~~~~~~~~~~~~~~~~~~~~~~[m[K
[7.255s] compilation terminated.
[7.265s] gmake[2]: *** [CMakeFiles/drivetrainNode.dir/build.make:76: CMakeFiles/drivetrainNode.dir/src/drivesub.cpp.o] Error 1
[7.265s] gmake[1]: *** [CMakeFiles/Makefile2:137: CMakeFiles/drivetrainNode.dir/all] Error 2
[7.266s] gmake: *** [Makefile:146: all] Error 2
[7.274s] Invoked command in '/Testbot/build/drivetrain' returned '2': CMAKE_PREFIX_PATH=${CMAKE_PREFIX_PATH}:/opt/ros/humble /usr/bin/cmake --build /Testbot/build/drivetrain -- -j4 -l4
