[0.155s] Invoking command in '/Testbot/build/drivetrain': CMAKE_PREFIX_PATH=${CMAKE_PREFIX_PATH}:/opt/ros/humble /usr/bin/cmake --build /Testbot/build/drivetrain -- -j4 -l4
[0.487s] [35m[1mConsolidate compiler generated dependencies of target drivetrainNode[0m
[0.658s] [ 33%] [32mBuilding CXX object CMakeFiles/drivetrainNode.dir/src/uart.cpp.o[0m
[0.663s] [ 66%] [32mBuilding CXX object CMakeFiles/drivetrainNode.dir/src/drivesub.cpp.o[0m
[2.902s] [01m[K/Testbot/src/testbot_ws/src/drivetrain/src/uart.cpp:[m[K In constructor â€˜[01m[KUart::Uart()[m[Kâ€™:
[2.903s] [01m[K/Testbot/src/testbot_ws/src/drivetrain/src/uart.cpp:18:7:[m[K [01;35m[Kwarning: [m[Kunused variable â€˜[01m[Kii[m[Kâ€™ [[01;35m[K-Wunused-variable[m[K]
[2.907s]    18 |   int [01;35m[Kii[m[K, jj, kk;
[2.916s]       |       [01;35m[K^~[m[K
[2.918s] [01m[K/Testbot/src/testbot_ws/src/drivetrain/src/uart.cpp:18:11:[m[K [01;35m[Kwarning: [m[Kunused variable â€˜[01m[Kjj[m[Kâ€™ [[01;35m[K-Wunused-variable[m[K]
[2.923s]    18 |   int ii, [01;35m[Kjj[m[K, kk;
[2.931s]       |           [01;35m[K^~[m[K
[2.938s] [01m[K/Testbot/src/testbot_ws/src/drivetrain/src/uart.cpp:18:15:[m[K [01;35m[Kwarning: [m[Kunused variable â€˜[01m[Kkk[m[Kâ€™ [[01;35m[K-Wunused-variable[m[K]
[2.945s]    18 |   int ii, jj, [01;35m[Kkk[m[K;
[2.946s]       |               [01;35m[K^~[m[K
[3.118s] [01m[K/Testbot/src/testbot_ws/src/drivetrain/src/uart.cpp:[m[K In constructor â€˜[01m[KUart::Uart()[m[Kâ€™:
[3.119s] [01m[K/Testbot/src/testbot_ws/src/drivetrain/src/uart.cpp:24:12:[m[K [01;35m[Kwarning: [m[Kâ€˜[01m[K*this.Uart::fid[m[Kâ€™ is used uninitialized [[01;35m[K-Wuninitialized[m[K]
[3.120s]    24 |   [01;35m[Ktcgetattr(fid, &port_options)[m[K;        // Get the current attributes of the Serial port
[3.121s]       |   [01;35m[K~~~~~~~~~^~~~~~~~~~~~~~~~~~~~[m[K
[42.419s] [100%] [32m[1mLinking CXX executable drivetrainNode[0m
[42.835s] /usr/bin/ld: CMakeFiles/drivetrainNode.dir/src/uart.cpp.o:(.data.rel.local+0x0): multiple definition of `uart_target'; CMakeFiles/drivetrainNode.dir/src/drivesub.cpp.o:(.data.rel.local+0x0): first defined here
[45.869s] collect2: error: ld returned 1 exit status
[45.875s] gmake[2]: *** [CMakeFiles/drivetrainNode.dir/build.make:191: drivetrainNode] Error 1
[45.877s] gmake[1]: *** [CMakeFiles/Makefile2:137: CMakeFiles/drivetrainNode.dir/all] Error 2
[45.877s] gmake: *** [Makefile:146: all] Error 2
[45.889s] Invoked command in '/Testbot/build/drivetrain' returned '2': CMAKE_PREFIX_PATH=${CMAKE_PREFIX_PATH}:/opt/ros/humble /usr/bin/cmake --build /Testbot/build/drivetrain -- -j4 -l4
