[35m[1mConsolidate compiler generated dependencies of target drivetrainNode[0m
[ 50%] [32mBuilding CXX object CMakeFiles/drivetrainNode.dir/src/drivesub.cpp.o[0m
[01m[K/Testbot/src/testbot_ws/src/drivetrain/src/drivesub.cpp:38:39:[m[K [01;31m[Kerror: [m[Kâ€˜[01m[KString[m[Kâ€™ is not a member of â€˜[01m[Kstd_msgs::msg[m[Kâ€™
   38 |   rclcpp::Subscription<std_msgs::msg::[01;31m[KString[m[K>::SharedPtr subscription_;
      |                                       [01;31m[K^~~~~~[m[K
[01m[K/Testbot/src/testbot_ws/src/drivetrain/src/drivesub.cpp:38:45:[m[K [01;31m[Kerror: [m[Ktemplate argument 1 is invalid
   38 |   rclcpp::Subscription<std_msgs::msg::String[01;31m[K>[m[K::SharedPtr subscription_;
      |                                             [01;31m[K^[m[K
[01m[K/Testbot/src/testbot_ws/src/drivetrain/src/drivesub.cpp:38:45:[m[K [01;31m[Kerror: [m[Ktemplate argument 3 is invalid
[01m[K/Testbot/src/testbot_ws/src/drivetrain/src/drivesub.cpp:38:45:[m[K [01;31m[Kerror: [m[Ktemplate argument 4 is invalid
[01m[K/Testbot/src/testbot_ws/src/drivetrain/src/drivesub.cpp:38:45:[m[K [01;31m[Kerror: [m[Ktemplate argument 5 is invalid
[01m[K/Testbot/src/testbot_ws/src/drivetrain/src/drivesub.cpp:38:48:[m[K [01;31m[Kerror: [m[Kexpected â€˜[01m[K;[m[Kâ€™ at end of member declaration
   38 |   rclcpp::Subscription<std_msgs::msg::String>::[01;31m[KSharedPtr[m[K subscription_;
      |                                                [01;31m[K^~~~~~~~~[m[K
      |                                                         [32m[K;[m[K
[01m[K/Testbot/src/testbot_ws/src/drivetrain/src/drivesub.cpp:38:58:[m[K [01;31m[Kerror: [m[Kâ€˜[01m[Ksubscription_[m[Kâ€™ does not name a type; did you mean â€˜[01m[Krmw_subscription_t[m[Kâ€™?
   38 |   rclcpp::Subscription<std_msgs::msg::String>::SharedPtr [01;31m[Ksubscription_[m[K;
      |                                                          [01;31m[K^~~~~~~~~~~~~[m[K
      |                                                          [32m[Krmw_subscription_t[m[K
gmake[2]: *** [CMakeFiles/drivetrainNode.dir/build.make:76: CMakeFiles/drivetrainNode.dir/src/drivesub.cpp.o] Error 1
gmake[1]: *** [CMakeFiles/Makefile2:137: CMakeFiles/drivetrainNode.dir/all] Error 2
gmake: *** [Makefile:146: all] Error 2
