[0.139s] Invoking command in '/Testbot/build/drivetrain': CMAKE_PREFIX_PATH=${CMAKE_PREFIX_PATH}:/opt/ros/humble /usr/bin/cmake --build /Testbot/build/drivetrain -- -j4 -l4
[0.698s] [ 50%] [32mBuilding CXX object CMakeFiles/drivetrainNode.dir/src/drivesub.cpp.o[0m
[3.225s] [01m[K/Testbot/src/testbot_ws/src/drivetrain/src/drivesub.cpp:6:10:[m[K [01;31m[Kfatal error: [m[Kstd_msgs/msg/tring.hpp: No such file or directory
[3.226s]     6 | #include [01;31m[K<std_msgs/msg/tring.hpp>[m[K
[3.226s]       |          [01;31m[K^~~~~~~~~~~~~~~~~~~~~~~~[m[K
[3.227s] compilation terminated.
[3.237s] gmake[2]: *** [CMakeFiles/drivetrainNode.dir/build.make:76: CMakeFiles/drivetrainNode.dir/src/drivesub.cpp.o] Error 1
[3.238s] gmake[1]: *** [CMakeFiles/Makefile2:137: CMakeFiles/drivetrainNode.dir/all] Error 2
[3.238s] gmake: *** [Makefile:146: all] Error 2
[3.246s] Invoked command in '/Testbot/build/drivetrain' returned '2': CMAKE_PREFIX_PATH=${CMAKE_PREFIX_PATH}:/opt/ros/humble /usr/bin/cmake --build /Testbot/build/drivetrain -- -j4 -l4
