[0.000000] (-) TimerEvent: {}
[0.004665] (drivetrain) JobQueued: {'identifier': 'drivetrain', 'dependencies': OrderedDict()}
[0.005551] (drivetrain) JobStarted: {'identifier': 'drivetrain'}
[0.095192] (-) TimerEvent: {}
[0.130671] (drivetrain) JobProgress: {'identifier': 'drivetrain', 'progress': 'cmake'}
[0.141989] (drivetrain) JobProgress: {'identifier': 'drivetrain', 'progress': 'build'}
[0.148338] (drivetrain) Command: {'cmd': ['/usr/bin/cmake', '--build', '/Testbot/build/drivetrain', '--', '-j4', '-l4'], 'cwd': '/Testbot/build/drivetrain', 'env': OrderedDict([('HOSTNAME', '945d704c20d0'), ('SHLVL', '1'), ('LD_LIBRARY_PATH', '/opt/ros/humble/lib/aarch64-linux-gnu:/opt/ros/humble/lib'), ('HOME', '/home/astro-dev'), ('OLDPWD', '/Testbot/src'), ('ROS_PYTHON_VERSION', '3'), ('COLCON_PREFIX_PATH', '/Testbot/install'), ('ROS_DISTRO', 'humble'), ('_', '/usr/bin/colcon'), ('ROS_VERSION', '2'), ('TERM', 'xterm'), ('ROS_LOCALHOST_ONLY', '0'), ('PATH', '/opt/ros/humble/bin:/usr/local/sbin:/usr/local/bin:/usr/sbin:/usr/bin:/sbin:/bin'), ('LANG', 'C.UTF-8'), ('LS_COLORS', 'rs=0:di=01;34:ln=01;36:mh=00:pi=40;33:so=01;35:do=01;35:bd=40;33;01:cd=40;33;01:or=40;31;01:mi=00:su=37;41:sg=30;43:ca=30;41:tw=30;42:ow=34;42:st=37;44:ex=01;32:*.tar=01;31:*.tgz=01;31:*.arc=01;31:*.arj=01;31:*.taz=01;31:*.lha=01;31:*.lz4=01;31:*.lzh=01;31:*.lzma=01;31:*.tlz=01;31:*.txz=01;31:*.tzo=01;31:*.t7z=01;31:*.zip=01;31:*.z=01;31:*.dz=01;31:*.gz=01;31:*.lrz=01;31:*.lz=01;31:*.lzo=01;31:*.xz=01;31:*.zst=01;31:*.tzst=01;31:*.bz2=01;31:*.bz=01;31:*.tbz=01;31:*.tbz2=01;31:*.tz=01;31:*.deb=01;31:*.rpm=01;31:*.jar=01;31:*.war=01;31:*.ear=01;31:*.sar=01;31:*.rar=01;31:*.alz=01;31:*.ace=01;31:*.zoo=01;31:*.cpio=01;31:*.7z=01;31:*.rz=01;31:*.cab=01;31:*.wim=01;31:*.swm=01;31:*.dwm=01;31:*.esd=01;31:*.jpg=01;35:*.jpeg=01;35:*.mjpg=01;35:*.mjpeg=01;35:*.gif=01;35:*.bmp=01;35:*.pbm=01;35:*.pgm=01;35:*.ppm=01;35:*.tga=01;35:*.xbm=01;35:*.xpm=01;35:*.tif=01;35:*.tiff=01;35:*.png=01;35:*.svg=01;35:*.svgz=01;35:*.mng=01;35:*.pcx=01;35:*.mov=01;35:*.mpg=01;35:*.mpeg=01;35:*.m2v=01;35:*.mkv=01;35:*.webm=01;35:*.webp=01;35:*.ogm=01;35:*.mp4=01;35:*.m4v=01;35:*.mp4v=01;35:*.vob=01;35:*.qt=01;35:*.nuv=01;35:*.wmv=01;35:*.asf=01;35:*.rm=01;35:*.rmvb=01;35:*.flc=01;35:*.avi=01;35:*.fli=01;35:*.flv=01;35:*.gl=01;35:*.dl=01;35:*.xcf=01;35:*.xwd=01;35:*.yuv=01;35:*.cgm=01;35:*.emf=01;35:*.ogv=01;35:*.ogx=01;35:*.aac=00;36:*.au=00;36:*.flac=00;36:*.m4a=00;36:*.mid=00;36:*.midi=00;36:*.mka=00;36:*.mp3=00;36:*.mpc=00;36:*.ogg=00;36:*.ra=00;36:*.wav=00;36:*.oga=00;36:*.opus=00;36:*.spx=00;36:*.xspf=00;36:'), ('AMENT_PREFIX_PATH', '/Testbot/install/drivetrain:/opt/ros/humble'), ('PWD', '/Testbot/build/drivetrain'), ('LC_ALL', 'C.UTF-8'), ('PYTHONPATH', '/opt/ros/humble/lib/python3.10/site-packages:/opt/ros/humble/local/lib/python3.10/dist-packages'), ('COLCON', '1'), ('CMAKE_PREFIX_PATH', '/Testbot/install/drivetrain:/opt/ros/humble')]), 'shell': False}
[0.195887] (-) TimerEvent: {}
[0.298128] (-) TimerEvent: {}
[0.400086] (-) TimerEvent: {}
[0.418962] (drivetrain) StdoutLine: {'line': b'-- Found ament_cmake: 1.3.10 (/opt/ros/humble/share/ament_cmake/cmake)\n'}
[0.501299] (-) TimerEvent: {}
[0.603710] (-) TimerEvent: {}
[0.706305] (-) TimerEvent: {}
[0.808299] (-) TimerEvent: {}
[0.914701] (-) TimerEvent: {}
[1.017100] (-) TimerEvent: {}
[1.118839] (-) TimerEvent: {}
[1.221576] (-) TimerEvent: {}
[1.323545] (-) TimerEvent: {}
[1.425150] (-) TimerEvent: {}
[1.526430] (-) TimerEvent: {}
[1.602421] (drivetrain) StdoutLine: {'line': b'-- Override CMake install command with custom implementation using symlinks instead of copying resources\n'}
[1.626625] (-) TimerEvent: {}
[1.709660] (drivetrain) StdoutLine: {'line': b'-- Found rclcpp: 16.0.10 (/opt/ros/humble/share/rclcpp/cmake)\n'}
[1.727189] (-) TimerEvent: {}
[1.829182] (-) TimerEvent: {}
[1.933388] (-) TimerEvent: {}
[2.036552] (-) TimerEvent: {}
[2.083651] (drivetrain) StdoutLine: {'line': b'-- Found rosidl_generator_c: 3.1.5 (/opt/ros/humble/share/rosidl_generator_c/cmake)\n'}
[2.120570] (drivetrain) StdoutLine: {'line': b'-- Found rosidl_adapter: 3.1.5 (/opt/ros/humble/share/rosidl_adapter/cmake)\n'}
[2.136938] (-) TimerEvent: {}
[2.200769] (drivetrain) StdoutLine: {'line': b'-- Found rosidl_generator_cpp: 3.1.5 (/opt/ros/humble/share/rosidl_generator_cpp/cmake)\n'}
[2.237467] (-) TimerEvent: {}
[2.333300] (drivetrain) StdoutLine: {'line': b'-- Using all available rosidl_typesupport_c: rosidl_typesupport_fastrtps_c;rosidl_typesupport_introspection_c\n'}
[2.337756] (-) TimerEvent: {}
[2.439614] (-) TimerEvent: {}
[2.503544] (drivetrain) StdoutLine: {'line': b'-- Using all available rosidl_typesupport_cpp: rosidl_typesupport_fastrtps_cpp;rosidl_typesupport_introspection_cpp\n'}
[2.540261] (-) TimerEvent: {}
[2.643269] (-) TimerEvent: {}
[2.744481] (-) TimerEvent: {}
[2.767826] (drivetrain) StdoutLine: {'line': b'-- Found rmw_implementation_cmake: 6.1.2 (/opt/ros/humble/share/rmw_implementation_cmake/cmake)\n'}
[2.784895] (drivetrain) StdoutLine: {'line': b'-- Found rmw_fastrtps_cpp: 6.2.7 (/opt/ros/humble/share/rmw_fastrtps_cpp/cmake)\n'}
[2.844671] (-) TimerEvent: {}
[2.945711] (-) TimerEvent: {}
[3.046969] (-) TimerEvent: {}
[3.148224] (-) TimerEvent: {}
[3.249585] (-) TimerEvent: {}
[3.351773] (-) TimerEvent: {}
[3.433527] (drivetrain) StdoutLine: {'line': b"-- Using RMW implementation 'rmw_fastrtps_cpp' as default\n"}
[3.451983] (-) TimerEvent: {}
[3.553095] (-) TimerEvent: {}
[3.653920] (-) TimerEvent: {}
[3.756053] (-) TimerEvent: {}
[3.815601] (drivetrain) StdoutLine: {'line': b'-- Found sensor_msgs: 4.2.4 (/opt/ros/humble/share/sensor_msgs/cmake)\n'}
[3.856470] (-) TimerEvent: {}
[3.957323] (-) TimerEvent: {}
[3.968713] (drivetrain) StdoutLine: {'line': b'-- Found ament_lint_auto: 0.12.11 (/opt/ros/humble/share/ament_lint_auto/cmake)\n'}
[4.057510] (-) TimerEvent: {}
[4.159229] (-) TimerEvent: {}
[4.260291] (-) TimerEvent: {}
[4.361576] (-) TimerEvent: {}
[4.392547] (drivetrain) StdoutLine: {'line': b"-- Added test 'cppcheck' to perform static code analysis on C / C++ code\n"}
[4.393808] (drivetrain) StdoutLine: {'line': b'-- Configured cppcheck include dirs: \n'}
[4.394883] (drivetrain) StdoutLine: {'line': b'-- Configured cppcheck exclude dirs and/or files: \n'}
[4.398815] (drivetrain) StdoutLine: {'line': b"-- Added test 'flake8' to check Python code syntax and style conventions\n"}
[4.407056] (drivetrain) StdoutLine: {'line': b"-- Added test 'lint_cmake' to check CMake code style\n"}
[4.412791] (drivetrain) StdoutLine: {'line': b"-- Added test 'pep257' to check Python code against some of the docstring style conventions in PEP 257\n"}
[4.436971] (drivetrain) StdoutLine: {'line': b"-- Added test 'uncrustify' to check C / C++ code style\n"}
[4.437699] (drivetrain) StdoutLine: {'line': b'-- Configured uncrustify additional arguments: \n'}
[4.441727] (drivetrain) StdoutLine: {'line': b"-- Added test 'xmllint' to check XML markup files\n"}
[4.447826] (drivetrain) StdoutLine: {'line': b'-- Configuring done\n'}
[4.461755] (-) TimerEvent: {}
[4.527417] (drivetrain) StdoutLine: {'line': b'-- Generating done\n'}
[4.537713] (drivetrain) StdoutLine: {'line': b'-- Build files have been written to: /Testbot/build/drivetrain\n'}
[4.561974] (-) TimerEvent: {}
[4.657926] (drivetrain) StdoutLine: {'line': b'\x1b[35m\x1b[1mConsolidate compiler generated dependencies of target drivetrainNode\x1b[0m\n'}
[4.662107] (-) TimerEvent: {}
[4.765822] (-) TimerEvent: {}
[4.793124] (drivetrain) StdoutLine: {'line': b'[ 50%] \x1b[32mBuilding CXX object CMakeFiles/drivetrainNode.dir/src/drivesub.cpp.o\x1b[0m\n'}
[4.866198] (-) TimerEvent: {}
[4.970661] (-) TimerEvent: {}
[5.071788] (-) TimerEvent: {}
[5.173145] (-) TimerEvent: {}
[5.274214] (-) TimerEvent: {}
[5.378549] (-) TimerEvent: {}
[5.481731] (-) TimerEvent: {}
[5.583274] (-) TimerEvent: {}
[5.684915] (-) TimerEvent: {}
[5.785754] (-) TimerEvent: {}
[5.886620] (-) TimerEvent: {}
[5.987637] (-) TimerEvent: {}
[6.088469] (-) TimerEvent: {}
[6.189593] (-) TimerEvent: {}
[6.292813] (-) TimerEvent: {}
[6.394429] (-) TimerEvent: {}
[6.497038] (-) TimerEvent: {}
[6.599933] (-) TimerEvent: {}
[6.702426] (-) TimerEvent: {}
[6.805473] (-) TimerEvent: {}
[6.906953] (-) TimerEvent: {}
[7.008497] (-) TimerEvent: {}
[7.110490] (-) TimerEvent: {}
[7.211269] (-) TimerEvent: {}
[7.259165] (drivetrain) StderrLine: {'line': b'\x1b[01m\x1b[K/Testbot/src/testbot_ws/src/drivetrain/src/drivesub.cpp:6:10:\x1b[m\x1b[K \x1b[01;31m\x1b[Kfatal error: \x1b[m\x1b[Kstd_msgs/msg/String.hpp: No such file or directory\n'}
[7.260317] (drivetrain) StderrLine: {'line': b'    6 | #include \x1b[01;31m\x1b[K<std_msgs/msg/String.hpp>\x1b[m\x1b[K\n'}
[7.262613] (drivetrain) StderrLine: {'line': b'      |          \x1b[01;31m\x1b[K^~~~~~~~~~~~~~~~~~~~~~~~~\x1b[m\x1b[K\n'}
[7.264513] (drivetrain) StderrLine: {'line': b'compilation terminated.\n'}
[7.274726] (drivetrain) StderrLine: {'line': b'gmake[2]: *** [CMakeFiles/drivetrainNode.dir/build.make:76: CMakeFiles/drivetrainNode.dir/src/drivesub.cpp.o] Error 1\n'}
[7.275708] (drivetrain) StderrLine: {'line': b'gmake[1]: *** [CMakeFiles/Makefile2:137: CMakeFiles/drivetrainNode.dir/all] Error 2\n'}
[7.276592] (drivetrain) StderrLine: {'line': b'gmake: *** [Makefile:146: all] Error 2\n'}
[7.283779] (drivetrain) CommandEnded: {'returncode': 2}
[7.311489] (-) TimerEvent: {}
[7.412509] (-) TimerEvent: {}
[7.511657] (drivetrain) JobEnded: {'identifier': 'drivetrain', 'rc': 2}
[7.513944] (-) TimerEvent: {}
[7.523270] (-) EventReactorShutdown: {}
