[0.000000] (-) TimerEvent: {}
[0.002509] (drivetrain) JobQueued: {'identifier': 'drivetrain', 'dependencies': OrderedDict()}
[0.002748] (drivetrain) JobStarted: {'identifier': 'drivetrain'}
[0.075720] (drivetrain) JobProgress: {'identifier': 'drivetrain', 'progress': 'cmake'}
[0.079830] (drivetrain) JobProgress: {'identifier': 'drivetrain', 'progress': 'build'}
[0.083105] (drivetrain) Command: {'cmd': ['/usr/bin/cmake', '--build', '/Testbot/build/drivetrain', '--', '-j4', '-l4'], 'cwd': '/Testbot/build/drivetrain', 'env': OrderedDict([('HOSTNAME', '945d704c20d0'), ('SHLVL', '1'), ('LD_LIBRARY_PATH', '/opt/ros/humble/lib/aarch64-linux-gnu:/opt/ros/humble/lib'), ('HOME', '/home/astro-dev'), ('OLDPWD', '/Testbot/src'), ('ROS_PYTHON_VERSION', '3'), ('COLCON_PREFIX_PATH', '/Testbot/install'), ('ROS_DISTRO', 'humble'), ('_', '/usr/bin/colcon'), ('ROS_VERSION', '2'), ('TERM', 'xterm'), ('ROS_LOCALHOST_ONLY', '0'), ('PATH', '/opt/ros/humble/bin:/usr/local/sbin:/usr/local/bin:/usr/sbin:/usr/bin:/sbin:/bin'), ('LANG', 'C.UTF-8'), ('LS_COLORS', 'rs=0:di=01;34:ln=01;36:mh=00:pi=40;33:so=01;35:do=01;35:bd=40;33;01:cd=40;33;01:or=40;31;01:mi=00:su=37;41:sg=30;43:ca=30;41:tw=30;42:ow=34;42:st=37;44:ex=01;32:*.tar=01;31:*.tgz=01;31:*.arc=01;31:*.arj=01;31:*.taz=01;31:*.lha=01;31:*.lz4=01;31:*.lzh=01;31:*.lzma=01;31:*.tlz=01;31:*.txz=01;31:*.tzo=01;31:*.t7z=01;31:*.zip=01;31:*.z=01;31:*.dz=01;31:*.gz=01;31:*.lrz=01;31:*.lz=01;31:*.lzo=01;31:*.xz=01;31:*.zst=01;31:*.tzst=01;31:*.bz2=01;31:*.bz=01;31:*.tbz=01;31:*.tbz2=01;31:*.tz=01;31:*.deb=01;31:*.rpm=01;31:*.jar=01;31:*.war=01;31:*.ear=01;31:*.sar=01;31:*.rar=01;31:*.alz=01;31:*.ace=01;31:*.zoo=01;31:*.cpio=01;31:*.7z=01;31:*.rz=01;31:*.cab=01;31:*.wim=01;31:*.swm=01;31:*.dwm=01;31:*.esd=01;31:*.jpg=01;35:*.jpeg=01;35:*.mjpg=01;35:*.mjpeg=01;35:*.gif=01;35:*.bmp=01;35:*.pbm=01;35:*.pgm=01;35:*.ppm=01;35:*.tga=01;35:*.xbm=01;35:*.xpm=01;35:*.tif=01;35:*.tiff=01;35:*.png=01;35:*.svg=01;35:*.svgz=01;35:*.mng=01;35:*.pcx=01;35:*.mov=01;35:*.mpg=01;35:*.mpeg=01;35:*.m2v=01;35:*.mkv=01;35:*.webm=01;35:*.webp=01;35:*.ogm=01;35:*.mp4=01;35:*.m4v=01;35:*.mp4v=01;35:*.vob=01;35:*.qt=01;35:*.nuv=01;35:*.wmv=01;35:*.asf=01;35:*.rm=01;35:*.rmvb=01;35:*.flc=01;35:*.avi=01;35:*.fli=01;35:*.flv=01;35:*.gl=01;35:*.dl=01;35:*.xcf=01;35:*.xwd=01;35:*.yuv=01;35:*.cgm=01;35:*.emf=01;35:*.ogv=01;35:*.ogx=01;35:*.aac=00;36:*.au=00;36:*.flac=00;36:*.m4a=00;36:*.mid=00;36:*.midi=00;36:*.mka=00;36:*.mp3=00;36:*.mpc=00;36:*.ogg=00;36:*.ra=00;36:*.wav=00;36:*.oga=00;36:*.opus=00;36:*.spx=00;36:*.xspf=00;36:'), ('AMENT_PREFIX_PATH', '/Testbot/install/drivetrain:/opt/ros/humble'), ('PWD', '/Testbot/build/drivetrain'), ('LC_ALL', 'C.UTF-8'), ('PYTHONPATH', '/opt/ros/humble/lib/python3.10/site-packages:/opt/ros/humble/local/lib/python3.10/dist-packages'), ('COLCON', '1'), ('CMAKE_PREFIX_PATH', '/Testbot/install/drivetrain:/opt/ros/humble')]), 'shell': False}
[0.102397] (-) TimerEvent: {}
[0.203209] (-) TimerEvent: {}
[0.205525] (drivetrain) StdoutLine: {'line': b'-- Found ament_cmake: 1.3.10 (/opt/ros/humble/share/ament_cmake/cmake)\n'}
[0.303408] (-) TimerEvent: {}
[0.404355] (-) TimerEvent: {}
[0.505443] (-) TimerEvent: {}
[0.606385] (-) TimerEvent: {}
[0.707175] (-) TimerEvent: {}
[0.808540] (-) TimerEvent: {}
[0.812316] (drivetrain) StdoutLine: {'line': b'-- Override CMake install command with custom implementation using symlinks instead of copying resources\n'}
[0.860840] (drivetrain) StdoutLine: {'line': b'-- Found rclcpp: 16.0.10 (/opt/ros/humble/share/rclcpp/cmake)\n'}
[0.908731] (-) TimerEvent: {}
[1.010051] (-) TimerEvent: {}
[1.028296] (drivetrain) StdoutLine: {'line': b'-- Found rosidl_generator_c: 3.1.5 (/opt/ros/humble/share/rosidl_generator_c/cmake)\n'}
[1.045133] (drivetrain) StdoutLine: {'line': b'-- Found rosidl_adapter: 3.1.5 (/opt/ros/humble/share/rosidl_adapter/cmake)\n'}
[1.077281] (drivetrain) StdoutLine: {'line': b'-- Found rosidl_generator_cpp: 3.1.5 (/opt/ros/humble/share/rosidl_generator_cpp/cmake)\n'}
[1.110335] (-) TimerEvent: {}
[1.127879] (drivetrain) StdoutLine: {'line': b'-- Using all available rosidl_typesupport_c: rosidl_typesupport_fastrtps_c;rosidl_typesupport_introspection_c\n'}
[1.194244] (drivetrain) StdoutLine: {'line': b'-- Using all available rosidl_typesupport_cpp: rosidl_typesupport_fastrtps_cpp;rosidl_typesupport_introspection_cpp\n'}
[1.210517] (-) TimerEvent: {}
[1.311346] (-) TimerEvent: {}
[1.383405] (drivetrain) StdoutLine: {'line': b'-- Found rmw_implementation_cmake: 6.1.2 (/opt/ros/humble/share/rmw_implementation_cmake/cmake)\n'}
[1.391009] (drivetrain) StdoutLine: {'line': b'-- Found rmw_fastrtps_cpp: 6.2.7 (/opt/ros/humble/share/rmw_fastrtps_cpp/cmake)\n'}
[1.411525] (-) TimerEvent: {}
[1.512326] (-) TimerEvent: {}
[1.613269] (-) TimerEvent: {}
[1.714083] (-) TimerEvent: {}
[1.814928] (-) TimerEvent: {}
[1.915844] (-) TimerEvent: {}
[1.929862] (drivetrain) StdoutLine: {'line': b"-- Using RMW implementation 'rmw_fastrtps_cpp' as default\n"}
[2.016067] (-) TimerEvent: {}
[2.116914] (-) TimerEvent: {}
[2.193307] (drivetrain) StdoutLine: {'line': b'-- Found ament_lint_auto: 0.12.11 (/opt/ros/humble/share/ament_lint_auto/cmake)\n'}
[2.217156] (-) TimerEvent: {}
[2.318456] (-) TimerEvent: {}
[2.419661] (-) TimerEvent: {}
[2.520579] (-) TimerEvent: {}
[2.620764] (drivetrain) StdoutLine: {'line': b"-- Added test 'cppcheck' to perform static code analysis on C / C++ code\n"}
[2.621891] (-) TimerEvent: {}
[2.622478] (drivetrain) StdoutLine: {'line': b'-- Configured cppcheck include dirs: \n'}
[2.623120] (drivetrain) StdoutLine: {'line': b'-- Configured cppcheck exclude dirs and/or files: \n'}
[2.626285] (drivetrain) StdoutLine: {'line': b"-- Added test 'flake8' to check Python code syntax and style conventions\n"}
[2.634288] (drivetrain) StdoutLine: {'line': b"-- Added test 'lint_cmake' to check CMake code style\n"}
[2.639099] (drivetrain) StdoutLine: {'line': b"-- Added test 'pep257' to check Python code against some of the docstring style conventions in PEP 257\n"}
[2.664813] (drivetrain) StdoutLine: {'line': b"-- Added test 'uncrustify' to check C / C++ code style\n"}
[2.666231] (drivetrain) StdoutLine: {'line': b'-- Configured uncrustify additional arguments: \n'}
[2.669772] (drivetrain) StdoutLine: {'line': b"-- Added test 'xmllint' to check XML markup files\n"}
[2.679108] (drivetrain) StdoutLine: {'line': b'-- Configuring done\n'}
[2.722198] (-) TimerEvent: {}
[2.791826] (drivetrain) StdoutLine: {'line': b'-- Generating done\n'}
[2.801267] (drivetrain) StdoutLine: {'line': b'-- Build files have been written to: /Testbot/build/drivetrain\n'}
[2.822371] (-) TimerEvent: {}
[2.923230] (-) TimerEvent: {}
[2.959782] (drivetrain) StdoutLine: {'line': b'[ 50%] \x1b[32mBuilding CXX object CMakeFiles/drivetrainNode.dir/src/drivesub.cpp.o\x1b[0m\n'}
[3.023496] (-) TimerEvent: {}
[3.124509] (-) TimerEvent: {}
[3.225635] (-) TimerEvent: {}
[3.326748] (-) TimerEvent: {}
[3.427576] (-) TimerEvent: {}
[3.528381] (-) TimerEvent: {}
[3.629342] (-) TimerEvent: {}
[3.730211] (-) TimerEvent: {}
[3.831033] (-) TimerEvent: {}
[3.931828] (-) TimerEvent: {}
[4.033068] (-) TimerEvent: {}
[4.133981] (-) TimerEvent: {}
[4.234808] (-) TimerEvent: {}
[4.335647] (-) TimerEvent: {}
[4.436663] (-) TimerEvent: {}
[4.537467] (-) TimerEvent: {}
[4.638444] (-) TimerEvent: {}
[4.739291] (-) TimerEvent: {}
[4.840321] (-) TimerEvent: {}
[4.941189] (-) TimerEvent: {}
[5.042104] (-) TimerEvent: {}
[5.142991] (-) TimerEvent: {}
[5.244009] (-) TimerEvent: {}
[5.344950] (-) TimerEvent: {}
[5.446411] (-) TimerEvent: {}
[5.547787] (-) TimerEvent: {}
[5.601302] (drivetrain) StderrLine: {'line': b'\x1b[01m\x1b[K/Testbot/src/testbot_ws/src/drivetrain/src/drivesub.cpp:5:10:\x1b[m\x1b[K \x1b[01;31m\x1b[Kfatal error: \x1b[m\x1b[Ksensor_msgs/msg/joy.hpp: No such file or directory\n'}
[5.602262] (drivetrain) StderrLine: {'line': b'    5 | #include \x1b[01;31m\x1b[K"sensor_msgs/msg/joy.hpp"\x1b[m\x1b[K\n'}
[5.602850] (drivetrain) StderrLine: {'line': b'      |          \x1b[01;31m\x1b[K^~~~~~~~~~~~~~~~~~~~~~~~~\x1b[m\x1b[K\n'}
[5.603375] (drivetrain) StderrLine: {'line': b'compilation terminated.\n'}
[5.613792] (drivetrain) StderrLine: {'line': b'gmake[2]: *** [CMakeFiles/drivetrainNode.dir/build.make:76: CMakeFiles/drivetrainNode.dir/src/drivesub.cpp.o] Error 1\n'}
[5.614765] (drivetrain) StderrLine: {'line': b'gmake[1]: *** [CMakeFiles/Makefile2:137: CMakeFiles/drivetrainNode.dir/all] Error 2\n'}
[5.615438] (drivetrain) StderrLine: {'line': b'gmake: *** [Makefile:146: all] Error 2\n'}
[5.622877] (drivetrain) CommandEnded: {'returncode': 2}
[5.648004] (-) TimerEvent: {}
[5.748909] (-) TimerEvent: {}
[5.838329] (drivetrain) JobEnded: {'identifier': 'drivetrain', 'rc': 2}
[5.849099] (-) TimerEvent: {}
[5.852162] (-) EventReactorShutdown: {}
