-- Found ament_cmake: 1.3.10 (/opt/ros/humble/share/ament_cmake/cmake)
-- Override CMake install command with custom implementation using symlinks instead of copying resources
-- Found rclcpp: 16.0.10 (/opt/ros/humble/share/rclcpp/cmake)
-- Found rosidl_generator_c: 3.1.5 (/opt/ros/humble/share/rosidl_generator_c/cmake)
-- Found rosidl_adapter: 3.1.5 (/opt/ros/humble/share/rosidl_adapter/cmake)
-- Found rosidl_generator_cpp: 3.1.5 (/opt/ros/humble/share/rosidl_generator_cpp/cmake)
-- Using all available rosidl_typesupport_c: rosidl_typesupport_fastrtps_c;rosidl_typesupport_introspection_c
-- Using all available rosidl_typesupport_cpp: rosidl_typesupport_fastrtps_cpp;rosidl_typesupport_introspection_cpp
-- Found rmw_implementation_cmake: 6.1.2 (/opt/ros/humble/share/rmw_implementation_cmake/cmake)
-- Found rmw_fastrtps_cpp: 6.2.7 (/opt/ros/humble/share/rmw_fastrtps_cpp/cmake)
-- Using RMW implementation 'rmw_fastrtps_cpp' as default
-- Found sensor_msgs: 4.2.4 (/opt/ros/humble/share/sensor_msgs/cmake)
-- Found ament_lint_auto: 0.12.11 (/opt/ros/humble/share/ament_lint_auto/cmake)
-- Added test 'cppcheck' to perform static code analysis on C / C++ code
-- Configured cppcheck include dirs: 
-- Configured cppcheck exclude dirs and/or files: 
-- Added test 'flake8' to check Python code syntax and style conventions
-- Added test 'lint_cmake' to check CMake code style
-- Added test 'pep257' to check Python code against some of the docstring style conventions in PEP 257
-- Added test 'uncrustify' to check C / C++ code style
-- Configured uncrustify additional arguments: 
-- Added test 'xmllint' to check XML markup files
-- Configuring done
-- Generating done
-- Build files have been written to: /Testbot/build/drivetrain
[35m[1mConsolidate compiler generated dependencies of target drivetrainNode[0m
[ 33%] [32mBuilding CXX object CMakeFiles/drivetrainNode.dir/src/uart.cpp.o[0m
[01m[K/Testbot/src/testbot_ws/src/drivetrain/src/uart.cpp:[m[K In constructor â€˜[01m[KUart::Uart()[m[Kâ€™:
[01m[K/Testbot/src/testbot_ws/src/drivetrain/src/uart.cpp:18:7:[m[K [01;35m[Kwarning: [m[Kunused variable â€˜[01m[Kii[m[Kâ€™ [[01;35m[K-Wunused-variable[m[K]
   18 |   int [01;35m[Kii[m[K, jj, kk;
      |       [01;35m[K^~[m[K
[01m[K/Testbot/src/testbot_ws/src/drivetrain/src/uart.cpp:18:11:[m[K [01;35m[Kwarning: [m[Kunused variable â€˜[01m[Kjj[m[Kâ€™ [[01;35m[K-Wunused-variable[m[K]
   18 |   int ii, [01;35m[Kjj[m[K, kk;
      |           [01;35m[K^~[m[K
[01m[K/Testbot/src/testbot_ws/src/drivetrain/src/uart.cpp:18:15:[m[K [01;35m[Kwarning: [m[Kunused variable â€˜[01m[Kkk[m[Kâ€™ [[01;35m[K-Wunused-variable[m[K]
   18 |   int ii, jj, [01;35m[Kkk[m[K;
      |               [01;35m[K^~[m[K
[01m[K/Testbot/src/testbot_ws/src/drivetrain/src/uart.cpp:[m[K In function â€˜[01m[Kint main(int, char**)[m[Kâ€™:
[01m[K/Testbot/src/testbot_ws/src/drivetrain/src/uart.cpp:245:14:[m[K [01;35m[Kwarning: [m[Kunused parameter â€˜[01m[Kargc[m[Kâ€™ [[01;35m[K-Wunused-parameter[m[K]
  245 | int main([01;35m[Kint argc[m[K, char *argv[]) {
      |          [01;35m[K~~~~^~~~[m[K
[01m[K/Testbot/src/testbot_ws/src/drivetrain/src/uart.cpp:245:26:[m[K [01;35m[Kwarning: [m[Kunused parameter â€˜[01m[Kargv[m[Kâ€™ [[01;35m[K-Wunused-parameter[m[K]
  245 | int main(int argc, [01;35m[Kchar *argv[][m[K) {
      |                    [01;35m[K~~~~~~^~~~~~[m[K
[01m[K/Testbot/src/testbot_ws/src/drivetrain/src/uart.cpp:[m[K In constructor â€˜[01m[KUart::Uart()[m[Kâ€™:
[01m[K/Testbot/src/testbot_ws/src/drivetrain/src/uart.cpp:24:12:[m[K [01;35m[Kwarning: [m[Kâ€˜[01m[K*this.Uart::fid[m[Kâ€™ is used uninitialized [[01;35m[K-Wuninitialized[m[K]
   24 |   [01;35m[Ktcgetattr(fid, &port_options)[m[K;        // Get the current attributes of the Serial port
      |   [01;35m[K~~~~~~~~~^~~~~~~~~~~~~~~~~~~~[m[K
[ 66%] [32m[1mLinking CXX executable drivetrainNode[0m
/usr/bin/ld: CMakeFiles/drivetrainNode.dir/src/uart.cpp.o:(.data.rel.local+0x0): multiple definition of `uart_target'; CMakeFiles/drivetrainNode.dir/src/drivesub.cpp.o:(.data.rel.local+0x0): first defined here
/usr/bin/ld: CMakeFiles/drivetrainNode.dir/src/uart.cpp.o: in function `main':
uart.cpp:(.text+0x5ec): multiple definition of `main'; CMakeFiles/drivetrainNode.dir/src/drivesub.cpp.o:drivesub.cpp:(.text+0x80): first defined here
collect2: error: ld returned 1 exit status
gmake[2]: *** [CMakeFiles/drivetrainNode.dir/build.make:191: drivetrainNode] Error 1
gmake[1]: *** [CMakeFiles/Makefile2:137: CMakeFiles/drivetrainNode.dir/all] Error 2
gmake: *** [Makefile:146: all] Error 2
