[0.082s] Invoking command in '/Testbot/build/drivetrain': CMAKE_PREFIX_PATH=${CMAKE_PREFIX_PATH}:/opt/ros/humble /usr/bin/cmake --build /Testbot/build/drivetrain -- -j4 -l4
[0.344s] -- Found ament_cmake: 1.3.10 (/opt/ros/humble/share/ament_cmake/cmake)
[1.505s] -- Override CMake install command with custom implementation using symlinks instead of copying resources
[1.560s] -- Found rclcpp: 16.0.10 (/opt/ros/humble/share/rclcpp/cmake)
[1.793s] -- Found rosidl_generator_c: 3.1.5 (/opt/ros/humble/share/rosidl_generator_c/cmake)
[1.818s] -- Found rosidl_adapter: 3.1.5 (/opt/ros/humble/share/rosidl_adapter/cmake)
[1.864s] -- Found rosidl_generator_cpp: 3.1.5 (/opt/ros/humble/share/rosidl_generator_cpp/cmake)
[1.943s] -- Using all available rosidl_typesupport_c: rosidl_typesupport_fastrtps_c;rosidl_typesupport_introspection_c
[2.044s] -- Using all available rosidl_typesupport_cpp: rosidl_typesupport_fastrtps_cpp;rosidl_typesupport_introspection_cpp
[2.275s] -- Found rmw_implementation_cmake: 6.1.2 (/opt/ros/humble/share/rmw_implementation_cmake/cmake)
[2.285s] -- Found rmw_fastrtps_cpp: 6.2.7 (/opt/ros/humble/share/rmw_fastrtps_cpp/cmake)
[2.840s] -- Using RMW implementation 'rmw_fastrtps_cpp' as default
[3.215s] -- Found sensor_msgs: 4.2.4 (/opt/ros/humble/share/sensor_msgs/cmake)
[3.540s] -- Found ament_lint_auto: 0.12.11 (/opt/ros/humble/share/ament_lint_auto/cmake)
[4.325s] -- Added test 'cppcheck' to perform static code analysis on C / C++ code
[4.326s] -- Configured cppcheck include dirs: 
[4.327s] -- Configured cppcheck exclude dirs and/or files: 
[4.330s] -- Added test 'flake8' to check Python code syntax and style conventions
[4.340s] -- Added test 'lint_cmake' to check CMake code style
[4.346s] -- Added test 'pep257' to check Python code against some of the docstring style conventions in PEP 257
[4.382s] -- Added test 'uncrustify' to check C / C++ code style
[4.383s] -- Configured uncrustify additional arguments: 
[4.385s] -- Added test 'xmllint' to check XML markup files
[4.399s] -- Configuring done
[4.518s] -- Generating done
[4.578s] -- Build files have been written to: /Testbot/build/drivetrain
[4.828s] [35m[1mConsolidate compiler generated dependencies of target drivetrainNode[0m
[5.007s] [ 33%] [32mBuilding CXX object CMakeFiles/drivetrainNode.dir/src/uart.cpp.o[0m
[6.965s] [01m[K/Testbot/src/testbot_ws/src/drivetrain/src/uart.cpp:[m[K In constructor â€˜[01m[KUart::Uart()[m[Kâ€™:
[6.966s] [01m[K/Testbot/src/testbot_ws/src/drivetrain/src/uart.cpp:18:7:[m[K [01;35m[Kwarning: [m[Kunused variable â€˜[01m[Kii[m[Kâ€™ [[01;35m[K-Wunused-variable[m[K]
[6.967s]    18 |   int [01;35m[Kii[m[K, jj, kk;
[6.968s]       |       [01;35m[K^~[m[K
[6.968s] [01m[K/Testbot/src/testbot_ws/src/drivetrain/src/uart.cpp:18:11:[m[K [01;35m[Kwarning: [m[Kunused variable â€˜[01m[Kjj[m[Kâ€™ [[01;35m[K-Wunused-variable[m[K]
[6.969s]    18 |   int ii, [01;35m[Kjj[m[K, kk;
[6.969s]       |           [01;35m[K^~[m[K
[6.970s] [01m[K/Testbot/src/testbot_ws/src/drivetrain/src/uart.cpp:18:15:[m[K [01;35m[Kwarning: [m[Kunused variable â€˜[01m[Kkk[m[Kâ€™ [[01;35m[K-Wunused-variable[m[K]
[6.970s]    18 |   int ii, jj, [01;35m[Kkk[m[K;
[6.971s]       |               [01;35m[K^~[m[K
[6.972s] [01m[K/Testbot/src/testbot_ws/src/drivetrain/src/uart.cpp:[m[K In function â€˜[01m[Kint main(int, char**)[m[Kâ€™:
[6.973s] [01m[K/Testbot/src/testbot_ws/src/drivetrain/src/uart.cpp:245:14:[m[K [01;35m[Kwarning: [m[Kunused parameter â€˜[01m[Kargc[m[Kâ€™ [[01;35m[K-Wunused-parameter[m[K]
[6.974s]   245 | int main([01;35m[Kint argc[m[K, char *argv[]) {
[6.974s]       |          [01;35m[K~~~~^~~~[m[K
[6.975s] [01m[K/Testbot/src/testbot_ws/src/drivetrain/src/uart.cpp:245:26:[m[K [01;35m[Kwarning: [m[Kunused parameter â€˜[01m[Kargv[m[Kâ€™ [[01;35m[K-Wunused-parameter[m[K]
[6.975s]   245 | int main(int argc, [01;35m[Kchar *argv[][m[K) {
[6.976s]       |                    [01;35m[K~~~~~~^~~~~~[m[K
[7.298s] [01m[K/Testbot/src/testbot_ws/src/drivetrain/src/uart.cpp:[m[K In constructor â€˜[01m[KUart::Uart()[m[Kâ€™:
[7.299s] [01m[K/Testbot/src/testbot_ws/src/drivetrain/src/uart.cpp:24:12:[m[K [01;35m[Kwarning: [m[Kâ€˜[01m[K*this.Uart::fid[m[Kâ€™ is used uninitialized [[01;35m[K-Wuninitialized[m[K]
[7.300s]    24 |   [01;35m[Ktcgetattr(fid, &port_options)[m[K;        // Get the current attributes of the Serial port
[7.301s]       |   [01;35m[K~~~~~~~~~^~~~~~~~~~~~~~~~~~~~[m[K
[7.533s] [ 66%] [32m[1mLinking CXX executable drivetrainNode[0m
[7.866s] /usr/bin/ld: CMakeFiles/drivetrainNode.dir/src/uart.cpp.o:(.data.rel.local+0x0): multiple definition of `uart_target'; CMakeFiles/drivetrainNode.dir/src/drivesub.cpp.o:(.data.rel.local+0x0): first defined here
[7.872s] /usr/bin/ld: CMakeFiles/drivetrainNode.dir/src/uart.cpp.o: in function `main':
[7.874s] uart.cpp:(.text+0x5ec): multiple definition of `main'; CMakeFiles/drivetrainNode.dir/src/drivesub.cpp.o:drivesub.cpp:(.text+0x80): first defined here
[10.940s] collect2: error: ld returned 1 exit status
[10.959s] gmake[2]: *** [CMakeFiles/drivetrainNode.dir/build.make:191: drivetrainNode] Error 1
[10.964s] gmake[1]: *** [CMakeFiles/Makefile2:137: CMakeFiles/drivetrainNode.dir/all] Error 2
[10.966s] gmake: *** [Makefile:146: all] Error 2
[10.995s] Invoked command in '/Testbot/build/drivetrain' returned '2': CMAKE_PREFIX_PATH=${CMAKE_PREFIX_PATH}:/opt/ros/humble /usr/bin/cmake --build /Testbot/build/drivetrain -- -j4 -l4
