[0.140s] Invoking command in '/Testbot/build/drivetrain': CMAKE_PREFIX_PATH=${CMAKE_PREFIX_PATH}:/opt/ros/humble /usr/bin/cmake --build /Testbot/build/drivetrain -- -j4 -l4
[0.653s] [ 50%] [32mBuilding CXX object CMakeFiles/drivetrainNode.dir/src/drivesub.cpp.o[0m
[3.011s] [01m[K/Testbot/src/testbot_ws/src/drivetrain/src/drivesub.cpp:5:10:[m[K [01;31m[Kfatal error: [m[Ksensor_msgs/msg/joy.hpp: No such file or directory
[3.014s]     5 | #include [01;31m[K<sensor_msgs/msg/joy.hpp>[m[K
[3.020s]       |          [01;31m[K^~~~~~~~~~~~~~~~~~~~~~~~~[m[K
[3.021s] compilation terminated.
[3.048s] gmake[2]: *** [CMakeFiles/drivetrainNode.dir/build.make:76: CMakeFiles/drivetrainNode.dir/src/drivesub.cpp.o] Error 1
[3.049s] gmake[1]: *** [CMakeFiles/Makefile2:137: CMakeFiles/drivetrainNode.dir/all] Error 2
[3.049s] gmake: *** [Makefile:146: all] Error 2
[3.077s] Invoked command in '/Testbot/build/drivetrain' returned '2': CMAKE_PREFIX_PATH=${CMAKE_PREFIX_PATH}:/opt/ros/humble /usr/bin/cmake --build /Testbot/build/drivetrain -- -j4 -l4
