<?xml version="1.0" encoding="UTF-8"?>
<Site BuildName="(empty)"
	BuildStamp="20240929-1807-Experimental"
	Name="docker-desktop"
	Generator="ctest-3.22.1"
	CompilerName="/usr/bin/c++"
	CompilerVersion="11.4.0"
	OSName="Linux"
	Hostname="docker-desktop"
	OSRelease="6.10.0-linuxkit"
	OSVersion="#1 SMP PREEMPT_DYNAMIC Wed Jul 17 10:54:05 UTC 2024"
	OSPlatform="x86_64"
	Is64Bits="1"
	VendorString="AuthenticAMD"
	VendorID="Advanced Micro Devices"
	FamilyID="25"
	ModelID="68"
	ProcessorCacheSize="512"
	NumberOfLogicalCPU="16"
	NumberOfPhysicalCPU="16"
	TotalVirtualMemory="1023"
	TotalPhysicalMemory="3624"
	LogicalProcessorsPerPhysical="1"
	ProcessorClockFrequency="3293.84"
	>
	<Testing>
		<StartDateTime>Sep 29 18:07 UTC</StartDateTime>
		<StartTestTime>1727633256</StartTestTime>
		<TestList/>
		<EndDateTime>Sep 29 18:07 UTC</EndDateTime>
		<EndTestTime>1727633256</EndTestTime>
		<ElapsedMinutes>0</ElapsedMinutes>
	</Testing>
</Site>
