[01m[K/Testbot/src/testbot_ws/src/drivetrain/src/drivesub.cpp:34:39:[m[K [01;31m[Kerror: [m[Kâ€˜[01m[KString[m[Kâ€™ is not a member of â€˜[01m[Kstd_msgs::msg[m[Kâ€™
   34 |   rclcpp::Subscription<std_msgs::msg::[01;31m[KString[m[K>::SharedPtr subscription_;
      |                                       [01;31m[K^~~~~~[m[K
[01m[K/Testbot/src/testbot_ws/src/drivetrain/src/drivesub.cpp:34:45:[m[K [01;31m[Kerror: [m[Ktemplate argument 1 is invalid
   34 |   rclcpp::Subscription<std_msgs::msg::String[01;31m[K>[m[K::SharedPtr subscription_;
      |                                             [01;31m[K^[m[K
[01m[K/Testbot/src/testbot_ws/src/drivetrain/src/drivesub.cpp:34:45:[m[K [01;31m[Kerror: [m[Ktemplate argument 3 is invalid
[01m[K/Testbot/src/testbot_ws/src/drivetrain/src/drivesub.cpp:34:45:[m[K [01;31m[Kerror: [m[Ktemplate argument 4 is invalid
[01m[K/Testbot/src/testbot_ws/src/drivetrain/src/drivesub.cpp:34:45:[m[K [01;31m[Kerror: [m[Ktemplate argument 5 is invalid
[01m[K/Testbot/src/testbot_ws/src/drivetrain/src/drivesub.cpp:34:48:[m[K [01;31m[Kerror: [m[Kexpected â€˜[01m[K;[m[Kâ€™ at end of member declaration
   34 |   rclcpp::Subscription<std_msgs::msg::String>::[01;31m[KSharedPtr[m[K subscription_;
      |                                                [01;31m[K^~~~~~~~~[m[K
      |                                                         [32m[K;[m[K
[01m[K/Testbot/src/testbot_ws/src/drivetrain/src/drivesub.cpp:34:58:[m[K [01;31m[Kerror: [m[Kâ€˜[01m[Ksubscription_[m[Kâ€™ does not name a type; did you mean â€˜[01m[Krmw_subscription_t[m[Kâ€™?
   34 |   rclcpp::Subscription<std_msgs::msg::String>::SharedPtr [01;31m[Ksubscription_[m[K;
      |                                                          [01;31m[K^~~~~~~~~~~~~[m[K
      |                                                          [32m[Krmw_subscription_t[m[K
In file included from [01m[K/usr/include/aarch64-linux-gnu/c++/11/bits/c++allocator.h:33[m[K,
                 from [01m[K/usr/include/c++/11/bits/allocator.h:46[m[K,
                 from [01m[K/usr/include/c++/11/unordered_map:40[m[K,
                 from [01m[K/usr/include/c++/11/functional:61[m[K,
                 from [01m[K/Testbot/src/testbot_ws/src/drivetrain/src/drivesub.cpp:1[m[K:
/usr/include/c++/11/ext/new_allocator.h: In instantiation of â€˜[01m[Kvoid __gnu_cxx::new_allocator<_Tp>::destroy(_Up*) [with _Up = DriveSub; _Tp = DriveSub][m[Kâ€™:
[01m[K/usr/include/c++/11/bits/alloc_traits.h:535:15:[m[K   required from â€˜[01m[Kstatic void std::allocator_traits<std::allocator<_Tp1> >::destroy(std::allocator_traits<std::allocator<_Tp1> >::allocator_type&, _Up*) [with _Up = DriveSub; _Tp = DriveSub; std::allocator_traits<std::allocator<_Tp1> >::allocator_type = std::allocator<DriveSub>][m[Kâ€™
[01m[K/usr/include/c++/11/bits/shared_ptr_base.h:528:35:[m[K   required from â€˜[01m[Kvoid std::_Sp_counted_ptr_inplace<_Tp, _Alloc, _Lp>::_M_dispose() [with _Tp = DriveSub; _Alloc = std::allocator<DriveSub>; __gnu_cxx::_Lock_policy _Lp = __gnu_cxx::_S_atomic][m[Kâ€™
[01m[K/usr/include/c++/11/bits/shared_ptr_base.h:526:7:[m[K   required from here
[01m[K/usr/include/c++/11/ext/new_allocator.h:168:20:[m[K [01;31m[Kerror: [m[Kâ€˜[01m[Kvirtual DriveSub::~DriveSub()[m[Kâ€™ is private within this context
  168 |         { [01;31m[K__p->~_Up()[m[K; }
      |           [01;31m[K~~~~~~~~~^~[m[K
[01m[K/Testbot/src/testbot_ws/src/drivetrain/src/drivesub.cpp:36:3:[m[K [01;36m[Knote: [m[Kdeclared private here
   36 |   [01;36m[K~[m[KDriveSub(){
      |   [01;36m[K^[m[K
gmake[2]: *** [CMakeFiles/drivetrainNode.dir/build.make:76: CMakeFiles/drivetrainNode.dir/src/drivesub.cpp.o] Error 1
gmake[1]: *** [CMakeFiles/Makefile2:137: CMakeFiles/drivetrainNode.dir/all] Error 2
gmake: *** [Makefile:146: all] Error 2
