[0.169s] Invoking command in '/Testbot/build/drivetrain': CMAKE_PREFIX_PATH=${CMAKE_PREFIX_PATH}:/opt/ros/humble /usr/bin/cmake --build /Testbot/build/drivetrain -- -j4 -l4
[0.500s] -- Found ament_cmake: 1.3.10 (/opt/ros/humble/share/ament_cmake/cmake)
[1.838s] -- Override CMake install command with custom implementation using symlinks instead of copying resources
[1.965s] -- Found rclcpp: 16.0.10 (/opt/ros/humble/share/rclcpp/cmake)
[2.292s] -- Found rosidl_generator_c: 3.1.5 (/opt/ros/humble/share/rosidl_generator_c/cmake)
[2.312s] -- Found rosidl_adapter: 3.1.5 (/opt/ros/humble/share/rosidl_adapter/cmake)
[2.349s] -- Found rosidl_generator_cpp: 3.1.5 (/opt/ros/humble/share/rosidl_generator_cpp/cmake)
[2.407s] -- Using all available rosidl_typesupport_c: rosidl_typesupport_fastrtps_c;rosidl_typesupport_introspection_c
[2.481s] -- Using all available rosidl_typesupport_cpp: rosidl_typesupport_fastrtps_cpp;rosidl_typesupport_introspection_cpp
[2.664s] -- Found rmw_implementation_cmake: 6.1.2 (/opt/ros/humble/share/rmw_implementation_cmake/cmake)
[2.672s] -- Found rmw_fastrtps_cpp: 6.2.7 (/opt/ros/humble/share/rmw_fastrtps_cpp/cmake)
[3.211s] -- Using RMW implementation 'rmw_fastrtps_cpp' as default
[3.464s] -- Found sensor_msgs: 4.2.4 (/opt/ros/humble/share/sensor_msgs/cmake)
[3.614s] -- Found ament_lint_auto: 0.12.11 (/opt/ros/humble/share/ament_lint_auto/cmake)
[4.022s] -- Added test 'cppcheck' to perform static code analysis on C / C++ code
[4.023s] -- Configured cppcheck include dirs: 
[4.024s] -- Configured cppcheck exclude dirs and/or files: 
[4.027s] -- Added test 'flake8' to check Python code syntax and style conventions
[4.034s] -- Added test 'lint_cmake' to check CMake code style
[4.039s] -- Added test 'pep257' to check Python code against some of the docstring style conventions in PEP 257
[4.063s] -- Added test 'uncrustify' to check C / C++ code style
[4.063s] -- Configured uncrustify additional arguments: 
[4.068s] -- Added test 'xmllint' to check XML markup files
[4.075s] -- Configuring done
[4.151s] -- Generating done
[4.161s] -- Build files have been written to: /Testbot/build/drivetrain
[4.337s] [ 50%] [32mBuilding CXX object CMakeFiles/drivetrainNode.dir/src/drivesub.cpp.o[0m
[17.364s] [01m[K/Testbot/src/testbot_ws/src/drivetrain/src/drivesub.cpp:34:39:[m[K [01;31m[Kerror: [m[Kâ€˜[01m[KString[m[Kâ€™ is not a member of â€˜[01m[Kstd_msgs::msg[m[Kâ€™
[17.370s]    34 |   rclcpp::Subscription<std_msgs::msg::[01;31m[KString[m[K>::SharedPtr subscription_;
[17.370s]       |                                       [01;31m[K^~~~~~[m[K
[17.371s] [01m[K/Testbot/src/testbot_ws/src/drivetrain/src/drivesub.cpp:34:45:[m[K [01;31m[Kerror: [m[Ktemplate argument 1 is invalid
[17.371s]    34 |   rclcpp::Subscription<std_msgs::msg::String[01;31m[K>[m[K::SharedPtr subscription_;
[17.372s]       |                                             [01;31m[K^[m[K
[17.372s] [01m[K/Testbot/src/testbot_ws/src/drivetrain/src/drivesub.cpp:34:45:[m[K [01;31m[Kerror: [m[Ktemplate argument 3 is invalid
[17.372s] [01m[K/Testbot/src/testbot_ws/src/drivetrain/src/drivesub.cpp:34:45:[m[K [01;31m[Kerror: [m[Ktemplate argument 4 is invalid
[17.373s] [01m[K/Testbot/src/testbot_ws/src/drivetrain/src/drivesub.cpp:34:45:[m[K [01;31m[Kerror: [m[Ktemplate argument 5 is invalid
[17.374s] [01m[K/Testbot/src/testbot_ws/src/drivetrain/src/drivesub.cpp:34:48:[m[K [01;31m[Kerror: [m[Kexpected â€˜[01m[K;[m[Kâ€™ at end of member declaration
[17.374s]    34 |   rclcpp::Subscription<std_msgs::msg::String>::[01;31m[KSharedPtr[m[K subscription_;
[17.375s]       |                                                [01;31m[K^~~~~~~~~[m[K
[17.375s]       |                                                         [32m[K;[m[K
[17.385s] [01m[K/Testbot/src/testbot_ws/src/drivetrain/src/drivesub.cpp:34:58:[m[K [01;31m[Kerror: [m[Kâ€˜[01m[Ksubscription_[m[Kâ€™ does not name a type; did you mean â€˜[01m[Krmw_subscription_t[m[Kâ€™?
[17.386s]    34 |   rclcpp::Subscription<std_msgs::msg::String>::SharedPtr [01;31m[Ksubscription_[m[K;
[17.387s]       |                                                          [01;31m[K^~~~~~~~~~~~~[m[K
[17.388s]       |                                                          [32m[Krmw_subscription_t[m[K
[26.322s] In file included from [01m[K/usr/include/aarch64-linux-gnu/c++/11/bits/c++allocator.h:33[m[K,
[26.325s]                  from [01m[K/usr/include/c++/11/bits/allocator.h:46[m[K,
[26.325s]                  from [01m[K/usr/include/c++/11/unordered_map:40[m[K,
[26.326s]                  from [01m[K/usr/include/c++/11/functional:61[m[K,
[26.326s]                  from [01m[K/Testbot/src/testbot_ws/src/drivetrain/src/drivesub.cpp:1[m[K:
[26.327s] /usr/include/c++/11/ext/new_allocator.h: In instantiation of â€˜[01m[Kvoid __gnu_cxx::new_allocator<_Tp>::destroy(_Up*) [with _Up = DriveSub; _Tp = DriveSub][m[Kâ€™:
[26.328s] [01m[K/usr/include/c++/11/bits/alloc_traits.h:535:15:[m[K   required from â€˜[01m[Kstatic void std::allocator_traits<std::allocator<_Tp1> >::destroy(std::allocator_traits<std::allocator<_Tp1> >::allocator_type&, _Up*) [with _Up = DriveSub; _Tp = DriveSub; std::allocator_traits<std::allocator<_Tp1> >::allocator_type = std::allocator<DriveSub>][m[Kâ€™
[26.329s] [01m[K/usr/include/c++/11/bits/shared_ptr_base.h:528:35:[m[K   required from â€˜[01m[Kvoid std::_Sp_counted_ptr_inplace<_Tp, _Alloc, _Lp>::_M_dispose() [with _Tp = DriveSub; _Alloc = std::allocator<DriveSub>; __gnu_cxx::_Lock_policy _Lp = __gnu_cxx::_S_atomic][m[Kâ€™
[26.329s] [01m[K/usr/include/c++/11/bits/shared_ptr_base.h:526:7:[m[K   required from here
[26.330s] [01m[K/usr/include/c++/11/ext/new_allocator.h:168:20:[m[K [01;31m[Kerror: [m[Kâ€˜[01m[Kvirtual DriveSub::~DriveSub()[m[Kâ€™ is private within this context
[26.330s]   168 |         { [01;31m[K__p->~_Up()[m[K; }
[26.331s]       |           [01;31m[K~~~~~~~~~^~[m[K
[26.331s] [01m[K/Testbot/src/testbot_ws/src/drivetrain/src/drivesub.cpp:36:3:[m[K [01;36m[Knote: [m[Kdeclared private here
[26.332s]    36 |   [01;36m[K~[m[KDriveSub(){
[26.333s]       |   [01;36m[K^[m[K
[28.949s] gmake[2]: *** [CMakeFiles/drivetrainNode.dir/build.make:76: CMakeFiles/drivetrainNode.dir/src/drivesub.cpp.o] Error 1
[28.951s] gmake[1]: *** [CMakeFiles/Makefile2:137: CMakeFiles/drivetrainNode.dir/all] Error 2
[28.952s] gmake: *** [Makefile:146: all] Error 2
[29.046s] Invoked command in '/Testbot/build/drivetrain' returned '2': CMAKE_PREFIX_PATH=${CMAKE_PREFIX_PATH}:/opt/ros/humble /usr/bin/cmake --build /Testbot/build/drivetrain -- -j4 -l4
