[0.173s] Invoking command in '/TestBotTeaching/build/drivetrain': CMAKE_PREFIX_PATH=${CMAKE_PREFIX_PATH}:/opt/ros/humble /usr/bin/cmake --build /TestBotTeaching/build/drivetrain -- -j4 -l4
[0.411s] [35m[1mConsolidate compiler generated dependencies of target drivetrainNode[0m
[0.547s] [ 33%] [32mBuilding CXX object CMakeFiles/drivetrainNode.dir/src/drivesub.cpp.o[0m
[13.170s] [01m[K/TestBotTeaching/drivetrain/src/drivesub.cpp:[m[K In member function â€˜[01m[Kvoid DriveSub::joy_callback(sensor_msgs::msg::Joy_<std::allocator<void> >::SharedPtr)[m[Kâ€™:
[13.171s] [01m[K/TestBotTeaching/drivetrain/src/drivesub.cpp:36:53:[m[K [01;31m[Kerror: [m[Kâ€˜[01m[Kunsigned_char[m[Kâ€™ does not name a type; did you mean â€˜[01m[Kunsigned[m[Kâ€™?
[13.172s]    36 |     testBotCommunications.sendUart(reinterpret_cast<[01;31m[Kunsigned_char[m[K*>(const_cast<char*>(std::chrono::system_clock::now().time_since_epoch())));
[13.173s]       |                                                     [01;31m[K^~~~~~~~~~~~~[m[K
[13.173s]       |                                                     [32m[Kunsigned[m[K
[13.177s] [01m[K/TestBotTeaching/drivetrain/src/drivesub.cpp:36:66:[m[K [01;31m[Kerror: [m[Kexpected â€˜[01m[K>[m[Kâ€™ before â€˜[01m[K*[m[Kâ€™ token
[13.177s]    36 | estBotCommunications.sendUart(reinterpret_cast<unsigned_char[01;31m[K*[m[K>(const_cast<char*>(std::chrono::system_clock::now().time_since_epoch())));
[13.178s]       |                                                             [01;31m[K^[m[K
[13.179s] 
[13.179s] [01m[K/TestBotTeaching/drivetrain/src/drivesub.cpp:36:66:[m[K [01;31m[Kerror: [m[Kexpected â€˜[01m[K([m[Kâ€™ before â€˜[01m[K*[m[Kâ€™ token
[13.180s] [01m[K/TestBotTeaching/drivetrain/src/drivesub.cpp:36:67:[m[K [01;31m[Kerror: [m[Kexpected primary-expression before â€˜[01m[K>[m[Kâ€™ token
[13.180s]    36 | stBotCommunications.sendUart(reinterpret_cast<unsigned_char*[01;31m[K>[m[K(const_cast<char*>(std::chrono::system_clock::now().time_since_epoch())));
[13.181s]       |                                                             [01;31m[K^[m[K
[13.181s] 
[13.182s] [01m[K/TestBotTeaching/drivetrain/src/drivesub.cpp:36:69:[m[K [01;31m[Kerror: [m[Kinvalid â€˜[01m[Kconst_cast[m[Kâ€™ from type â€˜[01m[Kstd::chrono::time_point<std::chrono::_V2::system_clock, std::chrono::duration<long int, std::ratio<1, 1000000000> > >::duration[m[Kâ€™ {aka â€˜[01m[Kstd::chrono::duration<long int, std::ratio<1, 1000000000> >[m[Kâ€™} to type â€˜[01m[Kchar*[m[Kâ€™
[13.182s]    36 | BotCommunications.sendUart(reinterpret_cast<unsigned_char*>([01;31m[Kconst_cast<char*>(std::chrono::system_clock::now().time_since_epoch())[m[K));
[13.183s]       |                                                             [01;31m[K^~~~~~~~~~~~~~~~~~~~~~~~~~~~~~~~~~~~~~~~~~~~~~~~~~~~~~~~~~~~~~~~~~~~~~[m[K
[13.183s] 
[25.246s] gmake[2]: *** [CMakeFiles/drivetrainNode.dir/build.make:76: CMakeFiles/drivetrainNode.dir/src/drivesub.cpp.o] Error 1
[25.251s] gmake[1]: *** [CMakeFiles/Makefile2:137: CMakeFiles/drivetrainNode.dir/all] Error 2
[25.253s] gmake: *** [Makefile:146: all] Error 2
[25.264s] Invoked command in '/TestBotTeaching/build/drivetrain' returned '2': CMAKE_PREFIX_PATH=${CMAKE_PREFIX_PATH}:/opt/ros/humble /usr/bin/cmake --build /TestBotTeaching/build/drivetrain -- -j4 -l4
