[0.020s] Invoking command in '/workspaces/TestBotTeaching/build/drivetrain': CMAKE_PREFIX_PATH=/opt/ros/humble /usr/bin/cmake --build /workspaces/TestBotTeaching/build/drivetrain -- -j16 -l16
[0.076s] [35m[1mConsolidate compiler generated dependencies of target drivetrainNode[0m
[0.094s] [ 50%] [32mBuilding CXX object CMakeFiles/drivetrainNode.dir/src/drivesub.cpp.o[0m
[0.508s] [01m[K/workspaces/TestBotTeaching/drivetrain/src/drivesub.cpp:7:10:[m[K [01;31m[Kfatal error: [m[Kuart.h: No such file or directory
[0.508s]     7 | #include [01;31m[K"uart.h"[m[K
[0.508s]       |          [01;31m[K^~~~~~~~[m[K
[0.508s] compilation terminated.
[0.509s] gmake[2]: *** [CMakeFiles/drivetrainNode.dir/build.make:76: CMakeFiles/drivetrainNode.dir/src/drivesub.cpp.o] Error 1
[0.509s] gmake[1]: *** [CMakeFiles/Makefile2:137: CMakeFiles/drivetrainNode.dir/all] Error 2
[0.509s] gmake: *** [Makefile:146: all] Error 2
[0.512s] Invoked command in '/workspaces/TestBotTeaching/build/drivetrain' returned '2': CMAKE_PREFIX_PATH=/opt/ros/humble /usr/bin/cmake --build /workspaces/TestBotTeaching/build/drivetrain -- -j16 -l16
