[35m[1mConsolidate compiler generated dependencies of target drivetrainNode[0m
[ 33%] [32mBuilding CXX object CMakeFiles/drivetrainNode.dir/src/uart.cpp.o[0m
[01m[K/Testbot/src/testbot_ws/src/drivetrain/src/uart.cpp:[m[K In constructor â€˜[01m[KUart::Uart()[m[Kâ€™:
[01m[K/Testbot/src/testbot_ws/src/drivetrain/src/uart.cpp:18:7:[m[K [01;35m[Kwarning: [m[Kunused variable â€˜[01m[Kii[m[Kâ€™ [[01;35m[K-Wunused-variable[m[K]
   18 |   int [01;35m[Kii[m[K, jj, kk;
      |       [01;35m[K^~[m[K
[01m[K/Testbot/src/testbot_ws/src/drivetrain/src/uart.cpp:18:11:[m[K [01;35m[Kwarning: [m[Kunused variable â€˜[01m[Kjj[m[Kâ€™ [[01;35m[K-Wunused-variable[m[K]
   18 |   int ii, [01;35m[Kjj[m[K, kk;
      |           [01;35m[K^~[m[K
[01m[K/Testbot/src/testbot_ws/src/drivetrain/src/uart.cpp:18:15:[m[K [01;35m[Kwarning: [m[Kunused variable â€˜[01m[Kkk[m[Kâ€™ [[01;35m[K-Wunused-variable[m[K]
   18 |   int ii, jj, [01;35m[Kkk[m[K;
      |               [01;35m[K^~[m[K
[01m[K/Testbot/src/testbot_ws/src/drivetrain/src/uart.cpp:[m[K In constructor â€˜[01m[KUart::Uart()[m[Kâ€™:
[01m[K/Testbot/src/testbot_ws/src/drivetrain/src/uart.cpp:24:12:[m[K [01;35m[Kwarning: [m[Kâ€˜[01m[K*this.Uart::fid[m[Kâ€™ is used uninitialized [[01;35m[K-Wuninitialized[m[K]
   24 |   [01;35m[Ktcgetattr(fid, &port_options)[m[K;        // Get the current attributes of the Serial port
      |   [01;35m[K~~~~~~~~~^~~~~~~~~~~~~~~~~~~~[m[K
[ 66%] [32m[1mLinking CXX executable drivetrainNode[0m
/usr/bin/ld: CMakeFiles/drivetrainNode.dir/src/uart.cpp.o:(.data.rel.local+0x0): multiple definition of `uart_target'; CMakeFiles/drivetrainNode.dir/src/drivesub.cpp.o:(.data.rel.local+0x0): first defined here
collect2: error: ld returned 1 exit status
gmake[2]: *** [CMakeFiles/drivetrainNode.dir/build.make:191: drivetrainNode] Error 1
gmake[1]: *** [CMakeFiles/Makefile2:137: CMakeFiles/drivetrainNode.dir/all] Error 2
gmake: *** [Makefile:146: all] Error 2
